<?xml version="1.0" encoding="UTF-8"?>
<!-- Generated by org.testng.reporters.JUnitXMLReporter -->
<testsuite ignored="0" hostname="RAKESH" failures="0" tests="2" name="Test-Runner-Firefox" time="25.265" errors="0" timestamp="2025-04-09T07:46:22 IST">
  <testcase classname="inventoryTests.AddProductToCart" name="sample" time="0.005"/>
  <testcase classname="inventoryTests.AddProductToCart" name="tc_001_AddProductToCartTest" time="0.975"/>
</testsuite> <!-- Test-Runner-Firefox -->
