<?xml version="1.0" encoding="UTF-8"?>
<!-- Generated by org.testng.reporters.JUnitReportReporter -->
<testsuite hostname="RAKESH" failures="0" tests="1" name="Practice.TestNGPractice" time="0.016" errors="0" timestamp="2025-04-03T08:18:15 IST" skipped="0">
  <testcase classname="Practice.TestNGPractice" name="practice" time="0.016"/>
  <system-out/>
</testsuite> <!-- Practice.TestNGPractice -->
